<?xml version="1.0" encoding="UTF-8"?>
<!-- Generated by org.testng.reporters.JUnitReportReporter -->
<testsuite hostname="LAPTOP-MM5367J5" failures="0" tests="2" name="Runner.CucumberRunnerTests" time="54.180" errors="0" timestamp="2023-04-06T11:45:22 IST" skipped="0">
  <testcase classname="Runner.CucumberRunnerTests" name="runScenario" time="28.068"/>
  <system-out/>
  <testcase classname="Runner.CucumberRunnerTests" name="runScenario" time="26.112"/>
  <system-out/>
</testsuite> <!-- Runner.CucumberRunnerTests -->
